<?xml version="1.0" encoding="UTF-8"?>
<testsuite xmlns:xsi="http://www.w3.org/2001/XMLSchema-instance" xsi:noNamespaceSchemaLocation="https://maven.apache.org/surefire/maven-surefire-plugin/xsd/surefire-test-report.xsd" version="3.0.2" name="TestSuite" time="33.341" tests="75" errors="0" skipped="0" failures="1">
  <properties>
    <property name="java.specification.version" value="22"/>
    <property name="sun.jnu.encoding" value="UTF-8"/>
    <property name="java.class.path" value="/Users/admin/UATParas/ParasUAT/ParasUATProject/target/test-classes:/Users/admin/UATParas/ParasUAT/ParasUATProject/target/classes:/Users/admin/.m2/repository/org/testng/testng/7.10.2/testng-7.10.2.jar:/Users/admin/.m2/repository/org/slf4j/slf4j-api/1.7.36/slf4j-api-1.7.36.jar:/Users/admin/.m2/repository/com/beust/jcommander/1.82/jcommander-1.82.jar:/Users/admin/.m2/repository/org/webjars/jquery/3.7.1/jquery-3.7.1.jar:/Users/admin/.m2/repository/io/rest-assured/rest-assured/5.5.0/rest-assured-5.5.0.jar:/Users/admin/.m2/repository/org/apache/groovy/groovy/4.0.22/groovy-4.0.22.jar:/Users/admin/.m2/repository/org/apache/groovy/groovy-xml/4.0.22/groovy-xml-4.0.22.jar:/Users/admin/.m2/repository/org/apache/httpcomponents/httpclient/4.5.13/httpclient-4.5.13.jar:/Users/admin/.m2/repository/org/apache/httpcomponents/httpcore/4.4.13/httpcore-4.4.13.jar:/Users/admin/.m2/repository/commons-logging/commons-logging/1.2/commons-logging-1.2.jar:/Users/admin/.m2/repository/org/apache/httpcomponents/httpmime/4.5.13/httpmime-4.5.13.jar:/Users/admin/.m2/repository/org/hamcrest/hamcrest/2.2/hamcrest-2.2.jar:/Users/admin/.m2/repository/org/ccil/cowan/tagsoup/tagsoup/1.2.1/tagsoup-1.2.1.jar:/Users/admin/.m2/repository/org/apache/logging/log4j/log4j-api/2.3.2/log4j-api-2.3.2.jar:/Users/admin/.m2/repository/org/apache/logging/log4j/log4j-core/2.3.2/log4j-core-2.3.2.jar:/Users/admin/.m2/repository/ch/qos/logback/logback-classic/1.2.6/logback-classic-1.2.6.jar:/Users/admin/.m2/repository/ch/qos/logback/logback-core/1.2.6/logback-core-1.2.6.jar:/Users/admin/.m2/repository/com/github/scribejava/scribejava-apis/8.3.1/scribejava-apis-8.3.1.jar:/Users/admin/.m2/repository/com/github/scribejava/scribejava-core/8.3.1/scribejava-core-8.3.1.jar:/Users/admin/.m2/repository/com/github/scribejava/scribejava-java8/8.3.1/scribejava-java8-8.3.1.jar:/Users/admin/.m2/repository/com/fasterxml/jackson/core/jackson-databind/2.12.3/jackson-databind-2.12.3.jar:/Users/admin/.m2/repository/com/fasterxml/jackson/core/jackson-annotations/2.12.3/jackson-annotations-2.12.3.jar:/Users/admin/.m2/repository/com/fasterxml/jackson/core/jackson-core/2.12.3/jackson-core-2.12.3.jar:/Users/admin/.m2/repository/com/github/java-json-tools/json-schema-validator/2.2.14/json-schema-validator-2.2.14.jar:/Users/admin/.m2/repository/com/google/guava/guava/28.2-android/guava-28.2-android.jar:/Users/admin/.m2/repository/com/google/guava/failureaccess/1.0.1/failureaccess-1.0.1.jar:/Users/admin/.m2/repository/com/google/guava/listenablefuture/9999.0-empty-to-avoid-conflict-with-guava/listenablefuture-9999.0-empty-to-avoid-conflict-with-guava.jar:/Users/admin/.m2/repository/org/checkerframework/checker-compat-qual/2.5.5/checker-compat-qual-2.5.5.jar:/Users/admin/.m2/repository/com/google/j2objc/j2objc-annotations/1.3/j2objc-annotations-1.3.jar:/Users/admin/.m2/repository/com/github/java-json-tools/jackson-coreutils-equivalence/1.0/jackson-coreutils-equivalence-1.0.jar:/Users/admin/.m2/repository/com/github/java-json-tools/jackson-coreutils/2.0/jackson-coreutils-2.0.jar:/Users/admin/.m2/repository/com/github/java-json-tools/msg-simple/1.2/msg-simple-1.2.jar:/Users/admin/.m2/repository/com/github/java-json-tools/btf/1.3/btf-1.3.jar:/Users/admin/.m2/repository/com/github/java-json-tools/json-schema-core/1.2.14/json-schema-core-1.2.14.jar:/Users/admin/.m2/repository/com/github/java-json-tools/uri-template/0.10/uri-template-0.10.jar:/Users/admin/.m2/repository/org/mozilla/rhino/1.7.7.2/rhino-1.7.7.2.jar:/Users/admin/.m2/repository/com/sun/mail/mailapi/1.6.2/mailapi-1.6.2.jar:/Users/admin/.m2/repository/joda-time/joda-time/2.10.5/joda-time-2.10.5.jar:/Users/admin/.m2/repository/com/googlecode/libphonenumber/libphonenumber/8.11.1/libphonenumber-8.11.1.jar:/Users/admin/.m2/repository/com/google/code/findbugs/jsr305/3.0.2/jsr305-3.0.2.jar:/Users/admin/.m2/repository/net/sf/jopt-simple/jopt-simple/5.0.4/jopt-simple-5.0.4.jar:/Users/admin/.m2/repository/io/rest-assured/json-schema-validator/5.3.0/json-schema-validator-5.3.0.jar:/Users/admin/.m2/repository/com/aventstack/extentreports/5.0.9/extentreports-5.0.9.jar:/Users/admin/.m2/repository/io/reactivex/rxjava3/rxjava/3.0.4/rxjava-3.0.4.jar:/Users/admin/.m2/repository/org/reactivestreams/reactive-streams/1.0.3/reactive-streams-1.0.3.jar:/Users/admin/.m2/repository/org/freemarker/freemarker/2.3.30/freemarker-2.3.30.jar:/Users/admin/.m2/repository/org/projectlombok/lombok/1.18.12/lombok-1.18.12.jar:/Users/admin/.m2/repository/org/apache/poi/poi/5.2.5/poi-5.2.5.jar:/Users/admin/.m2/repository/commons-codec/commons-codec/1.16.0/commons-codec-1.16.0.jar:/Users/admin/.m2/repository/org/apache/commons/commons-collections4/4.4/commons-collections4-4.4.jar:/Users/admin/.m2/repository/org/apache/commons/commons-math3/3.6.1/commons-math3-3.6.1.jar:/Users/admin/.m2/repository/commons-io/commons-io/2.15.0/commons-io-2.15.0.jar:/Users/admin/.m2/repository/com/zaxxer/SparseBitSet/1.3/SparseBitSet-1.3.jar:/Users/admin/.m2/repository/org/apache/poi/poi-ooxml/5.3.0/poi-ooxml-5.3.0.jar:/Users/admin/.m2/repository/org/apache/poi/poi-ooxml-lite/5.3.0/poi-ooxml-lite-5.3.0.jar:/Users/admin/.m2/repository/org/apache/xmlbeans/xmlbeans/5.2.1/xmlbeans-5.2.1.jar:/Users/admin/.m2/repository/org/apache/commons/commons-compress/1.26.2/commons-compress-1.26.2.jar:/Users/admin/.m2/repository/com/github/virtuald/curvesapi/1.08/curvesapi-1.08.jar:/Users/admin/.m2/repository/com/github/javafaker/javafaker/1.0.2/javafaker-1.0.2.jar:/Users/admin/.m2/repository/org/apache/commons/commons-lang3/3.5/commons-lang3-3.5.jar:/Users/admin/.m2/repository/org/yaml/snakeyaml/1.23/snakeyaml-1.23-android.jar:/Users/admin/.m2/repository/com/github/mifmif/generex/1.0.2/generex-1.0.2.jar:/Users/admin/.m2/repository/dk/brics/automaton/automaton/1.11-8/automaton-1.11-8.jar:/Users/admin/.m2/repository/org/json/json/20240303/json-20240303.jar:/Users/admin/.m2/repository/io/rest-assured/json-path/5.5.0/json-path-5.5.0.jar:/Users/admin/.m2/repository/org/apache/groovy/groovy-json/4.0.22/groovy-json-4.0.22.jar:/Users/admin/.m2/repository/io/rest-assured/rest-assured-common/5.5.0/rest-assured-common-5.5.0.jar:/Users/admin/.m2/repository/com/googlecode/json-simple/json-simple/1.1.1/json-simple-1.1.1.jar:/Users/admin/.m2/repository/junit/junit/4.10/junit-4.10.jar:/Users/admin/.m2/repository/org/hamcrest/hamcrest-core/1.1/hamcrest-core-1.1.jar:/Users/admin/.m2/repository/io/rest-assured/xml-path/5.5.0/xml-path-5.5.0.jar:/Users/admin/.m2/repository/com/google/code/gson/gson/2.11.0/gson-2.11.0.jar:/Users/admin/.m2/repository/com/google/errorprone/error_prone_annotations/2.27.0/error_prone_annotations-2.27.0.jar:"/>
    <property name="java.vm.vendor" value="Oracle Corporation"/>
    <property name="sun.arch.data.model" value="64"/>
    <property name="java.vendor.url" value="https://java.oracle.com/"/>
    <property name="user.timezone" value="Asia/Kolkata"/>
    <property name="os.name" value="Mac OS X"/>
    <property name="java.vm.specification.version" value="22"/>
    <property name="sun.java.launcher" value="SUN_STANDARD"/>
    <property name="user.country" value="GB"/>
    <property name="sun.boot.library.path" value="/Library/Java/JavaVirtualMachines/jdk-22.jdk/Contents/Home/lib"/>
    <property name="sun.java.command" value="/Users/admin/UATParas/ParasUAT/ParasUATProject/target/surefire/surefirebooter-20250103153911097_3.jar /Users/admin/UATParas/ParasUAT/ParasUATProject/target/surefire 2025-01-03T15-39-10_977-jvmRun1 surefire-20250103153911097_1tmp surefire_0-20250103153911097_2tmp"/>
    <property name="http.nonProxyHosts" value="local|*.local|169.254/16|*.169.254/16"/>
    <property name="jdk.debug" value="release"/>
    <property name="surefire.test.class.path" value="/Users/admin/UATParas/ParasUAT/ParasUATProject/target/test-classes:/Users/admin/UATParas/ParasUAT/ParasUATProject/target/classes:/Users/admin/.m2/repository/org/testng/testng/7.10.2/testng-7.10.2.jar:/Users/admin/.m2/repository/org/slf4j/slf4j-api/1.7.36/slf4j-api-1.7.36.jar:/Users/admin/.m2/repository/com/beust/jcommander/1.82/jcommander-1.82.jar:/Users/admin/.m2/repository/org/webjars/jquery/3.7.1/jquery-3.7.1.jar:/Users/admin/.m2/repository/io/rest-assured/rest-assured/5.5.0/rest-assured-5.5.0.jar:/Users/admin/.m2/repository/org/apache/groovy/groovy/4.0.22/groovy-4.0.22.jar:/Users/admin/.m2/repository/org/apache/groovy/groovy-xml/4.0.22/groovy-xml-4.0.22.jar:/Users/admin/.m2/repository/org/apache/httpcomponents/httpclient/4.5.13/httpclient-4.5.13.jar:/Users/admin/.m2/repository/org/apache/httpcomponents/httpcore/4.4.13/httpcore-4.4.13.jar:/Users/admin/.m2/repository/commons-logging/commons-logging/1.2/commons-logging-1.2.jar:/Users/admin/.m2/repository/org/apache/httpcomponents/httpmime/4.5.13/httpmime-4.5.13.jar:/Users/admin/.m2/repository/org/hamcrest/hamcrest/2.2/hamcrest-2.2.jar:/Users/admin/.m2/repository/org/ccil/cowan/tagsoup/tagsoup/1.2.1/tagsoup-1.2.1.jar:/Users/admin/.m2/repository/org/apache/logging/log4j/log4j-api/2.3.2/log4j-api-2.3.2.jar:/Users/admin/.m2/repository/org/apache/logging/log4j/log4j-core/2.3.2/log4j-core-2.3.2.jar:/Users/admin/.m2/repository/ch/qos/logback/logback-classic/1.2.6/logback-classic-1.2.6.jar:/Users/admin/.m2/repository/ch/qos/logback/logback-core/1.2.6/logback-core-1.2.6.jar:/Users/admin/.m2/repository/com/github/scribejava/scribejava-apis/8.3.1/scribejava-apis-8.3.1.jar:/Users/admin/.m2/repository/com/github/scribejava/scribejava-core/8.3.1/scribejava-core-8.3.1.jar:/Users/admin/.m2/repository/com/github/scribejava/scribejava-java8/8.3.1/scribejava-java8-8.3.1.jar:/Users/admin/.m2/repository/com/fasterxml/jackson/core/jackson-databind/2.12.3/jackson-databind-2.12.3.jar:/Users/admin/.m2/repository/com/fasterxml/jackson/core/jackson-annotations/2.12.3/jackson-annotations-2.12.3.jar:/Users/admin/.m2/repository/com/fasterxml/jackson/core/jackson-core/2.12.3/jackson-core-2.12.3.jar:/Users/admin/.m2/repository/com/github/java-json-tools/json-schema-validator/2.2.14/json-schema-validator-2.2.14.jar:/Users/admin/.m2/repository/com/google/guava/guava/28.2-android/guava-28.2-android.jar:/Users/admin/.m2/repository/com/google/guava/failureaccess/1.0.1/failureaccess-1.0.1.jar:/Users/admin/.m2/repository/com/google/guava/listenablefuture/9999.0-empty-to-avoid-conflict-with-guava/listenablefuture-9999.0-empty-to-avoid-conflict-with-guava.jar:/Users/admin/.m2/repository/org/checkerframework/checker-compat-qual/2.5.5/checker-compat-qual-2.5.5.jar:/Users/admin/.m2/repository/com/google/j2objc/j2objc-annotations/1.3/j2objc-annotations-1.3.jar:/Users/admin/.m2/repository/com/github/java-json-tools/jackson-coreutils-equivalence/1.0/jackson-coreutils-equivalence-1.0.jar:/Users/admin/.m2/repository/com/github/java-json-tools/jackson-coreutils/2.0/jackson-coreutils-2.0.jar:/Users/admin/.m2/repository/com/github/java-json-tools/msg-simple/1.2/msg-simple-1.2.jar:/Users/admin/.m2/repository/com/github/java-json-tools/btf/1.3/btf-1.3.jar:/Users/admin/.m2/repository/com/github/java-json-tools/json-schema-core/1.2.14/json-schema-core-1.2.14.jar:/Users/admin/.m2/repository/com/github/java-json-tools/uri-template/0.10/uri-template-0.10.jar:/Users/admin/.m2/repository/org/mozilla/rhino/1.7.7.2/rhino-1.7.7.2.jar:/Users/admin/.m2/repository/com/sun/mail/mailapi/1.6.2/mailapi-1.6.2.jar:/Users/admin/.m2/repository/joda-time/joda-time/2.10.5/joda-time-2.10.5.jar:/Users/admin/.m2/repository/com/googlecode/libphonenumber/libphonenumber/8.11.1/libphonenumber-8.11.1.jar:/Users/admin/.m2/repository/com/google/code/findbugs/jsr305/3.0.2/jsr305-3.0.2.jar:/Users/admin/.m2/repository/net/sf/jopt-simple/jopt-simple/5.0.4/jopt-simple-5.0.4.jar:/Users/admin/.m2/repository/io/rest-assured/json-schema-validator/5.3.0/json-schema-validator-5.3.0.jar:/Users/admin/.m2/repository/com/aventstack/extentreports/5.0.9/extentreports-5.0.9.jar:/Users/admin/.m2/repository/io/reactivex/rxjava3/rxjava/3.0.4/rxjava-3.0.4.jar:/Users/admin/.m2/repository/org/reactivestreams/reactive-streams/1.0.3/reactive-streams-1.0.3.jar:/Users/admin/.m2/repository/org/freemarker/freemarker/2.3.30/freemarker-2.3.30.jar:/Users/admin/.m2/repository/org/projectlombok/lombok/1.18.12/lombok-1.18.12.jar:/Users/admin/.m2/repository/org/apache/poi/poi/5.2.5/poi-5.2.5.jar:/Users/admin/.m2/repository/commons-codec/commons-codec/1.16.0/commons-codec-1.16.0.jar:/Users/admin/.m2/repository/org/apache/commons/commons-collections4/4.4/commons-collections4-4.4.jar:/Users/admin/.m2/repository/org/apache/commons/commons-math3/3.6.1/commons-math3-3.6.1.jar:/Users/admin/.m2/repository/commons-io/commons-io/2.15.0/commons-io-2.15.0.jar:/Users/admin/.m2/repository/com/zaxxer/SparseBitSet/1.3/SparseBitSet-1.3.jar:/Users/admin/.m2/repository/org/apache/poi/poi-ooxml/5.3.0/poi-ooxml-5.3.0.jar:/Users/admin/.m2/repository/org/apache/poi/poi-ooxml-lite/5.3.0/poi-ooxml-lite-5.3.0.jar:/Users/admin/.m2/repository/org/apache/xmlbeans/xmlbeans/5.2.1/xmlbeans-5.2.1.jar:/Users/admin/.m2/repository/org/apache/commons/commons-compress/1.26.2/commons-compress-1.26.2.jar:/Users/admin/.m2/repository/com/github/virtuald/curvesapi/1.08/curvesapi-1.08.jar:/Users/admin/.m2/repository/com/github/javafaker/javafaker/1.0.2/javafaker-1.0.2.jar:/Users/admin/.m2/repository/org/apache/commons/commons-lang3/3.5/commons-lang3-3.5.jar:/Users/admin/.m2/repository/org/yaml/snakeyaml/1.23/snakeyaml-1.23-android.jar:/Users/admin/.m2/repository/com/github/mifmif/generex/1.0.2/generex-1.0.2.jar:/Users/admin/.m2/repository/dk/brics/automaton/automaton/1.11-8/automaton-1.11-8.jar:/Users/admin/.m2/repository/org/json/json/20240303/json-20240303.jar:/Users/admin/.m2/repository/io/rest-assured/json-path/5.5.0/json-path-5.5.0.jar:/Users/admin/.m2/repository/org/apache/groovy/groovy-json/4.0.22/groovy-json-4.0.22.jar:/Users/admin/.m2/repository/io/rest-assured/rest-assured-common/5.5.0/rest-assured-common-5.5.0.jar:/Users/admin/.m2/repository/com/googlecode/json-simple/json-simple/1.1.1/json-simple-1.1.1.jar:/Users/admin/.m2/repository/junit/junit/4.10/junit-4.10.jar:/Users/admin/.m2/repository/org/hamcrest/hamcrest-core/1.1/hamcrest-core-1.1.jar:/Users/admin/.m2/repository/io/rest-assured/xml-path/5.5.0/xml-path-5.5.0.jar:/Users/admin/.m2/repository/com/google/code/gson/gson/2.11.0/gson-2.11.0.jar:/Users/admin/.m2/repository/com/google/errorprone/error_prone_annotations/2.27.0/error_prone_annotations-2.27.0.jar:"/>
    <property name="sun.cpu.endian" value="little"/>
    <property name="user.home" value="/Users/admin"/>
    <property name="user.language" value="en"/>
    <property name="java.specification.vendor" value="Oracle Corporation"/>
    <property name="java.version.date" value="2024-07-16"/>
    <property name="java.home" value="/Library/Java/JavaVirtualMachines/jdk-22.jdk/Contents/Home"/>
    <property name="file.separator" value="/"/>
    <property name="basedir" value="/Users/admin/UATParas/ParasUAT/ParasUATProject"/>
    <property name="java.vm.compressedOopsMode" value="Zero based"/>
    <property name="line.separator" value="&#10;"/>
    <property name="java.vm.specification.vendor" value="Oracle Corporation"/>
    <property name="java.specification.name" value="Java Platform API Specification"/>
    <property name="apple.awt.application.name" value="ForkedBooter"/>
    <property name="surefire.real.class.path" value="/Users/admin/UATParas/ParasUAT/ParasUATProject/target/surefire/surefirebooter-20250103153911097_3.jar"/>
    <property name="sun.management.compiler" value="HotSpot 64-Bit Tiered Compilers"/>
    <property name="ftp.nonProxyHosts" value="local|*.local|169.254/16|*.169.254/16"/>
    <property name="java.runtime.version" value="22.0.2+9-70"/>
    <property name="user.name" value="admin"/>
    <property name="stdout.encoding" value="UTF-8"/>
    <property name="path.separator" value=":"/>
    <property name="os.version" value="13.7.2"/>
    <property name="java.runtime.name" value="Java(TM) SE Runtime Environment"/>
    <property name="file.encoding" value="UTF-8"/>
    <property name="java.vm.name" value="Java HotSpot(TM) 64-Bit Server VM"/>
    <property name="localRepository" value="/Users/admin/.m2/repository"/>
    <property name="java.vendor.url.bug" value="https://bugreport.java.com/bugreport/"/>
    <property name="java.io.tmpdir" value="/var/folders/74/nr_b2kmd7h31285ff_nl0f080000gn/T/"/>
    <property name="java.version" value="22.0.2"/>
    <property name="user.dir" value="/Users/admin/UATParas/ParasUAT/ParasUATProject"/>
    <property name="os.arch" value="x86_64"/>
    <property name="java.vm.specification.name" value="Java Virtual Machine Specification"/>
    <property name="native.encoding" value="UTF-8"/>
    <property name="java.library.path" value="/Users/admin/Library/Java/Extensions:/Library/Java/Extensions:/Network/Library/Java/Extensions:/System/Library/Java/Extensions:/usr/lib/java:."/>
    <property name="java.vm.info" value="mixed mode, sharing"/>
    <property name="stderr.encoding" value="UTF-8"/>
    <property name="java.vendor" value="Oracle Corporation"/>
    <property name="java.vm.version" value="22.0.2+9-70"/>
    <property name="sun.io.unicode.encoding" value="UnicodeBig"/>
    <property name="socksNonProxyHosts" value="local|*.local|169.254/16|*.169.254/16"/>
    <property name="java.class.version" value="66.0"/>
  </properties>
  <testcase name="testOrderFlowGenerateToken" classname="bearerTokenGenerate.TestsBearerTokenGenerate" time="3.348">
    <system-out><![CDATA[15:39:11.960 [main] DEBUG org.testng.TestNG - suiteXmlPath: "/Users/admin/UATParas/ParasUAT/ParasUATProject/testngAll.xml"
Starting report generation...
Report initialization completed.
]]></system-out>
  </testcase>
  <testcase name="testOrderFlowPositiveInventoryDetailsBeforeCreateOrder" classname="orderFlowPositive.TestsOrderFlowPositive" time="1.048"/>
  <testcase name="testOrderFlowPositivecreateOrder" classname="orderFlowPositive.TestsOrderFlowPositive" time="4.11"/>
  <testcase name="testOrderFlowPositiveInventoryDetailsAfterCreateOrder" classname="orderFlowPositive.TestsOrderFlowPositive" time="0.235"/>
  <testcase name="testOrderFlowPositiveBatchAssign" classname="orderFlowPositive.TestsOrderFlowPositive" time="0.42"/>
  <testcase name="testOrderFlowPositiveInventoryDetailsAfterBatchAssign" classname="orderFlowPositive.TestsOrderFlowPositive" time="0.214"/>
  <testcase name="testOrderFlowPositiveMarkPacked" classname="orderFlowPositive.TestsOrderFlowPositive" time="0.292"/>
  <testcase name="testOrderFlowPositiveInventoryDetailsAfterMarkPacked" classname="orderFlowPositive.TestsOrderFlowPositive" time="0.184"/>
  <testcase name="testOrderFlowPositiveCreateShipment" classname="orderFlowPositive.TestsOrderFlowPositive" time="0.882"/>
  <testcase name="testOrderFlowPositiveInventoryDetailsAfterCreateShipment" classname="orderFlowPositive.TestsOrderFlowPositive" time="0.18"/>
  <testcase name="testOrderFlowPositiveDispatch" classname="orderFlowPositive.TestsOrderFlowPositive" time="0.526"/>
  <testcase name="testOrderFlowPositiveInventoryDetailsAfterDispatch" classname="orderFlowPositive.TestsOrderFlowPositive" time="0.187"/>
  <testcase name="testOrderFlowPositiveInvoiceNumber" classname="orderFlowPositive.TestsOrderFlowPositive" time="0.334"/>
  <testcase name="testOrderFlowPositiveInventoryDetailsAfterInvoiceNumber" classname="orderFlowPositive.TestsOrderFlowPositive" time="0.207"/>
  <testcase name="testOrderFlowPositiveDeliver" classname="orderFlowPositive.TestsOrderFlowPositive" time="0.247"/>
  <testcase name="testOrderFlowPositiveInventoryDetailsAfterDeliver" classname="orderFlowPositive.TestsOrderFlowPositive" time="0.196"/>
  <testcase name="testOrderFlowPositiveActionCompleteQC" classname="orderFlowPositive.TestsOrderFlowPositive" time="0.763"/>
  <testcase name="testOrderFlowPositiveInventoryDetailsAfterActionCompleteQC" classname="orderFlowPositive.TestsOrderFlowPositive" time="0.175"/>
  <testcase name="testOrderFlowPositiveAcceptItemQC" classname="orderFlowPositive.TestsOrderFlowPositive" time="0.229"/>
  <testcase name="testOrderFlowPositiveInventoryDetailsAfterAcceptItemQC" classname="orderFlowPositive.TestsOrderFlowPositive" time="0.166"/>
  <testcase name="testOrderFlowPositiveCompleteQC" classname="orderFlowPositive.TestsOrderFlowPositive" time="0.35"/>
  <testcase name="testOrderFlowPositiveInventoryDetailsAfterCompleteQC" classname="orderFlowPositive.TestsOrderFlowPositive" time="0.163"/>
  <testcase name="testOrderFlowPositiveInventorySettlement" classname="orderFlowPositive.TestsOrderFlowPositive" time="0.442"/>
  <testcase name="testOrderFlowPositiveInventoryDetailsAfterInventorySettlement" classname="orderFlowPositive.TestsOrderFlowPositive" time="0.194"/>
  <testcase name="testOrderFlowNegativeInventoryDetailsBeforeCreateOrder" classname="orderFlowNegative.TestsOrderFlowNegative" time="0.177"/>
  <testcase name="testOrderFlowNegativecreateOrder" classname="orderFlowNegative.TestsOrderFlowNegative" time="0.246"/>
  <testcase name="testOrderFlowNegativeInventoryDetailsAfterCreateOrder" classname="orderFlowNegative.TestsOrderFlowNegative" time="0.181"/>
  <testcase name="testOrderFlowNegativeBatchAssign" classname="orderFlowNegative.TestsOrderFlowNegative" time="0.232"/>
  <testcase name="testOrderFlowNegativeInventoryDetailsAfterBatchAssign" classname="orderFlowNegative.TestsOrderFlowNegative" time="0.154"/>
  <testcase name="testOrderFlowNegativeMarkPacked" classname="orderFlowNegative.TestsOrderFlowNegative" time="0.348"/>
  <testcase name="testOrderFlowNegativeInventoryDetailsAfterMarkPacked" classname="orderFlowNegative.TestsOrderFlowNegative" time="0.158"/>
  <testcase name="testOrderFlowNegativeCreateShipment" classname="orderFlowNegative.TestsOrderFlowNegative" time="0.461"/>
  <testcase name="testOrderFlowNegativeInventoryDetailsAfterCreateShipment" classname="orderFlowNegative.TestsOrderFlowNegative" time="0.16"/>
  <testcase name="testOrderFlowNegativeDispatch" classname="orderFlowNegative.TestsOrderFlowNegative" time="0.444"/>
  <testcase name="testOrderFlowNegativeInventoryDetailsAfterDispatch" classname="orderFlowNegative.TestsOrderFlowNegative" time="0.183"/>
  <testcase name="testOrderFlowNegativeInvoiceNumber" classname="orderFlowNegative.TestsOrderFlowNegative" time="0.439"/>
  <testcase name="testOrderFlowNegativeInventoryDetailsAfterInvoiceNumber" classname="orderFlowNegative.TestsOrderFlowNegative" time="0.15"/>
  <testcase name="testOrderFlowNegativeDeliver" classname="orderFlowNegative.TestsOrderFlowNegative" time="0.254"/>
  <testcase name="testOrderFlowNegativeInventoryDetailsAfterDeliver" classname="orderFlowNegative.TestsOrderFlowNegative" time="0.207"/>
  <testcase name="testOrderFlowNegativeActionCompleteQC" classname="orderFlowNegative.TestsOrderFlowNegative" time="0.115"/>
  <testcase name="testOrderFlowNegativeInventoryDetailsAfterActionCompleteQC" classname="orderFlowNegative.TestsOrderFlowNegative" time="0.15"/>
  <testcase name="testOrderFlowNegativeRejectItemQC" classname="orderFlowNegative.TestsOrderFlowNegative" time="0.232"/>
  <testcase name="testOrderFlowNegativeInventoryDetailsAfterRejectItemQC" classname="orderFlowNegative.TestsOrderFlowNegative" time="0.152"/>
  <testcase name="testOrderFlowNegativeCompleteQC" classname="orderFlowNegative.TestsOrderFlowNegative" time="0.126"/>
  <testcase name="testOrderFlowNegativeInventoryDetailsAfterCompleteQC" classname="orderFlowNegative.TestsOrderFlowNegative" time="0.148"/>
  <testcase name="testOrderFlowNegativeInventorySettlement" classname="orderFlowNegative.TestsOrderFlowNegative" time="0.284"/>
  <testcase name="testOrderFlowNegativeInventoryDetailsAfterInventorySettlement" classname="orderFlowNegative.TestsOrderFlowNegative" time="0.165"/>
  <testcase name="testOrderFlowNegativeOrderIdReturn" classname="orderFlowNegative.TestsOrderFlowNegative" time="0.651"/>
  <testcase name="testOrderFlowNegativeInventoryAfterDetailsOrderIdReturn" classname="orderFlowNegative.TestsOrderFlowNegative" time="0.145"/>
  <testcase name="testOrderFlowNegativeActionCompleteQCReturn" classname="orderFlowNegative.TestsOrderFlowNegative" time="0.118"/>
  <testcase name="testOrderFlowNegativeInventoryDetailsAfterActionCompleteQCReturn" classname="orderFlowNegative.TestsOrderFlowNegative" time="0.21"/>
  <testcase name="testOrderFlowNegativeAcceptItemQCReturn" classname="orderFlowNegative.TestsOrderFlowNegative" time="0.111"/>
  <testcase name="testOrderFlowNegativeInventoryDetailsAfterAcceptItemQCReturn" classname="orderFlowNegative.TestsOrderFlowNegative" time="0.136"/>
  <testcase name="testOrderFlowNegativeCompleteQCReturn" classname="orderFlowNegative.TestsOrderFlowNegative" time="0.173"/>
  <testcase name="testOrderFlowNegativeInventoryDetailsAfterCompleteQCReturn" classname="orderFlowNegative.TestsOrderFlowNegative" time="0.166"/>
  <testcase name="testOrderFlowNegativeInventorySettlementReturn" classname="orderFlowNegative.TestsOrderFlowNegative" time="0.266"/>
  <testcase name="testOrderFlowNegativeInventoryDetailsAfterInventorySettlementReturn" classname="orderFlowNegative.TestsOrderFlowNegative" time="0.138"/>
  <testcase name="testOrderCancelCreateOrderInventoryDetailsBeforeCreateOrder" classname="orderCancelCreateOrder.TestsOrderCancelCreateOrder" time="0.158"/>
  <testcase name="testOrderCancelCreateOrderCreateOrder" classname="orderCancelCreateOrder.TestsOrderCancelCreateOrder" time="0.436"/>
  <testcase name="testOrderCancelCreateOrderInventoryDetailsAfterCreateOrder" classname="orderCancelCreateOrder.TestsOrderCancelCreateOrder" time="0.165"/>
  <testcase name="testOrderCancelCreateOrderCancelOrder" classname="orderCancelCreateOrder.TestsOrderCancelCreateOrder" time="0.145"/>
  <testcase name="testOrderCancelCreateOrderInventoryDetailsAfterCancelOrder" classname="orderCancelCreateOrder.TestsOrderCancelCreateOrder" time="0.15"/>
  <testcase name="testOrderUpdateDispatchInventoryDetailsBeforeCreateOrder" classname="orderUpdateDispatch.TestsOrderUpdateDispatch" time="0.142"/>
  <testcase name="testOrderUpdateDispatchCreateOrder" classname="orderUpdateDispatch.TestsOrderUpdateDispatch" time="0.31"/>
  <testcase name="testOrderUpdateDispatchInventoryDetailsAfterCreateOrder" classname="orderUpdateDispatch.TestsOrderUpdateDispatch" time="0.144"/>
  <testcase name="testOrderUpdateDispatchBatchAssign" classname="orderUpdateDispatch.TestsOrderUpdateDispatch" time="0.135"/>
  <testcase name="testOrderUpdateDispatchInventoryDetailsAfterBatchAssign" classname="orderUpdateDispatch.TestsOrderUpdateDispatch" time="0.163"/>
  <testcase name="testOrderUpdateDispatchMarkPacked" classname="orderUpdateDispatch.TestsOrderUpdateDispatch" time="0.264"/>
  <testcase name="testOrderUpdateDispatchInventoryDetailsAfterMarkPacked" classname="orderUpdateDispatch.TestsOrderUpdateDispatch" time="0.143"/>
  <testcase name="testOrderUpdateDispatchCreateShipment" classname="orderUpdateDispatch.TestsOrderUpdateDispatch" time="0.153"/>
  <testcase name="testOrderUpdateDispatchInventoryDetailsAfterCreateShipment" classname="orderUpdateDispatch.TestsOrderUpdateDispatch" time="0.146"/>
  <testcase name="testOrderUpdateDispatchDispatch" classname="orderUpdateDispatch.TestsOrderUpdateDispatch" time="0.362"/>
  <testcase name="testOrderUpdateDispatchInventoryDetailsAfterDispatch" classname="orderUpdateDispatch.TestsOrderUpdateDispatch" time="0.147"/>
  <testcase name="testOrderUpdateDispatchUpdateOrder" classname="orderUpdateDispatch.TestsOrderUpdateDispatch" time="0.636"/>
  <testcase name="testOrderUpdateDispatchInventoryDetailsAfterUpdateOrder" classname="orderUpdateDispatch.TestsOrderUpdateDispatch" time="0.189">
    <failure message="The following asserts failed:&#10;	Pending Stock value Before Create Order is: 39, New Ordered Quantity is: 7, Expected Pending Stock value (Pending Stock Value Before Updating Order + New Ordered Quantity) After Update Order is: 46, But Actual Pending Stock value After Update Order is: 44. Incorrect,&#10;	Expected Intransient Stock value (Intransient Stock value After Update Order = Intransient Stock value Before Create Order) After Update Order is: 31 But Actual Intransient Stock value After Update Order is: 33. Incorrect,&#10;	Expected Available Stock value (Available Stock value After Update Order = Available Stock value Before Create Order) After Update Order is: 99967 But Actual Available Stock value After Update Order is: 99965. Incorrect" type="java.lang.AssertionError"><![CDATA[java.lang.AssertionError: 
The following asserts failed:
	Pending Stock value Before Create Order is: 39, New Ordered Quantity is: 7, Expected Pending Stock value (Pending Stock Value Before Updating Order + New Ordered Quantity) After Update Order is: 46, But Actual Pending Stock value After Update Order is: 44. Incorrect,
	Expected Intransient Stock value (Intransient Stock value After Update Order = Intransient Stock value Before Create Order) After Update Order is: 31 But Actual Intransient Stock value After Update Order is: 33. Incorrect,
	Expected Available Stock value (Available Stock value After Update Order = Available Stock value Before Create Order) After Update Order is: 99967 But Actual Available Stock value After Update Order is: 99965. Incorrect
	at org.testng.asserts.SoftAssert.assertAll(SoftAssert.java:46)
	at org.testng.asserts.SoftAssert.assertAll(SoftAssert.java:30)
	at orderUpdateDispatch.TestsOrderUpdateDispatch.testOrderUpdateDispatchInventoryDetailsAfterUpdateOrder(TestsOrderUpdateDispatch.java:543)
	at java.base/jdk.internal.reflect.DirectMethodHandleAccessor.invoke(DirectMethodHandleAccessor.java:103)
	at java.base/java.lang.reflect.Method.invoke(Method.java:580)
	at org.testng.internal.invokers.MethodInvocationHelper.invokeMethod(MethodInvocationHelper.java:141)
	at org.testng.internal.invokers.TestInvoker.invokeMethod(TestInvoker.java:686)
	at org.testng.internal.invokers.TestInvoker.invokeTestMethod(TestInvoker.java:230)
	at org.testng.internal.invokers.MethodRunner.runInSequence(MethodRunner.java:63)
	at org.testng.internal.invokers.TestInvoker$MethodInvocationAgent.invoke(TestInvoker.java:992)
	at org.testng.internal.invokers.TestInvoker.invokeTestMethods(TestInvoker.java:203)
	at org.testng.internal.invokers.TestMethodWorker.invokeTestMethods(TestMethodWorker.java:154)
	at org.testng.internal.invokers.TestMethodWorker.run(TestMethodWorker.java:134)
	at java.base/java.util.ArrayList.forEach(ArrayList.java:1597)
	at org.testng.TestRunner.privateRun(TestRunner.java:739)
	at org.testng.TestRunner.run(TestRunner.java:614)
	at org.testng.SuiteRunner.runTest(SuiteRunner.java:421)
	at org.testng.SuiteRunner.runSequentially(SuiteRunner.java:413)
	at org.testng.SuiteRunner.privateRun(SuiteRunner.java:373)
	at org.testng.SuiteRunner.run(SuiteRunner.java:312)
	at org.testng.SuiteRunnerWorker.runSuite(SuiteRunnerWorker.java:52)
	at org.testng.SuiteRunnerWorker.run(SuiteRunnerWorker.java:95)
	at org.testng.TestNG.runSuitesSequentially(TestNG.java:1274)
	at org.testng.TestNG.runSuitesLocally(TestNG.java:1208)
	at org.testng.TestNG.runSuites(TestNG.java:1112)
	at org.testng.TestNG.run(TestNG.java:1079)
	at org.apache.maven.surefire.testng.TestNGExecutor.run(TestNGExecutor.java:308)
	at org.apache.maven.surefire.testng.TestNGXmlTestSuite.execute(TestNGXmlTestSuite.java:71)
	at org.apache.maven.surefire.testng.TestNGProvider.invoke(TestNGProvider.java:113)
	at org.apache.maven.surefire.booter.ForkedBooter.runSuitesInProcess(ForkedBooter.java:385)
	at org.apache.maven.surefire.booter.ForkedBooter.execute(ForkedBooter.java:162)
	at org.apache.maven.surefire.booter.ForkedBooter.run(ForkedBooter.java:507)
	at org.apache.maven.surefire.booter.ForkedBooter.main(ForkedBooter.java:495)
]]></failure>
  </testcase>
</testsuite>