<?xml version="1.0" encoding="UTF-8"?>
<!-- Generated by org.testng.reporters.JUnitReportReporter -->
<testsuite hostname="Admins-MBP.lan" failures="0" tests="1" name="bearerTokenGenerate.TestsBearerTokenGenerate" time="3.441" errors="0" timestamp="2025-01-03T10:57:14 IST" skipped="0">
  <testcase classname="bearerTokenGenerate.TestsBearerTokenGenerate" name="testOrderFlowGenerateToken" time="3.441"/>
</testsuite> <!-- bearerTokenGenerate.TestsBearerTokenGenerate -->
