<?xml version="1.0" encoding="UTF-8"?>
<!-- Generated by org.testng.reporters.JUnitReportReporter -->
<testsuite hostname="Admins-MacBook-Pro.local" failures="0" tests="9" name="api.tests.TestCreateOrderModule" time="6.868" errors="0" timestamp="2024-12-14T19:49:52 IST" skipped="0">
  <testcase classname="api.tests.TestCreateOrderModule" name="createShipmentModuleTest" time="0.177"/>
  <testcase classname="api.tests.TestCreateOrderModule" name="markPackedModuleTest" time="0.130"/>
  <testcase classname="api.tests.TestCreateOrderModule" name="qCManagementAccept1ModuleTest" time="0.178"/>
  <testcase classname="api.tests.TestCreateOrderModule" name="dispatchShipmentModuleTest" time="0.164"/>
  <testcase classname="api.tests.TestCreateOrderModule" name="qCManagementActionModuleTest" time="0.150"/>
  <testcase classname="api.tests.TestCreateOrderModule" name="assignBatchModuleTest" time="0.293"/>
  <testcase classname="api.tests.TestCreateOrderModule" name="qCManagementDeliverModuleTest" time="0.137"/>
  <testcase classname="api.tests.TestCreateOrderModule" name="genearateTokenModuleTest" time="3.184"/>
  <testcase classname="api.tests.TestCreateOrderModule" name="createOrderModuleTest" time="2.455"/>
</testsuite> <!-- api.tests.TestCreateOrderModule -->
