<?xml version="1.0" encoding="UTF-8"?>
<!-- Generated by org.testng.reporters.JUnitReportReporter -->
<testsuite hostname="Admins-MacBook-Pro.local" failures="0" tests="9" name="api.tests.TestsCreateOrder" time="18.762" errors="0" timestamp="2024-12-14T17:04:19 IST" skipped="0">
  <testcase classname="api.tests.TestsCreateOrder" name="assignBatchModuleTest" time="1.026"/>
  <testcase classname="api.tests.TestsCreateOrder" name="qCManagementDeliverModuleTest" time="1.259"/>
  <testcase classname="api.tests.TestsCreateOrder" name="qCManagementAccept1ModuleTest" time="1.433"/>
  <testcase classname="api.tests.TestsCreateOrder" name="qCManagementActionModuleTest" time="2.080"/>
  <testcase classname="api.tests.TestsCreateOrder" name="dispatchShipmentModuleTest" time="0.850"/>
  <testcase classname="api.tests.TestsCreateOrder" name="markPackedModuleTest" time="0.713"/>
  <testcase classname="api.tests.TestsCreateOrder" name="createShipmentModuleTest" time="4.254"/>
  <testcase classname="api.tests.TestsCreateOrder" name="genearateTokenModuleTest" time="3.553"/>
  <testcase classname="api.tests.TestsCreateOrder" name="createOrderModuleTest" time="3.594"/>
</testsuite> <!-- api.tests.TestsCreateOrder -->
