<?xml version="1.0" encoding="UTF-8"?>
<!-- Generated by org.testng.reporters.JUnitReportReporter -->
<testsuite hostname="Admins-MBP.lan" failures="0" tests="9" name="orderSplit.TestsOrderSplit" time="1.419" errors="0" timestamp="2025-01-02T17:54:29 IST" skipped="0">
  <testcase classname="orderSplit.TestsOrderSplit" name="testOrderSplitInventoryDetailsAfterSplitNewOrder" time="0.154"/>
  <testcase classname="orderSplit.TestsOrderSplit" name="testOrderSplitInventoryDetailsAfterSplitOrder" time="0.172"/>
  <testcase classname="orderSplit.TestsOrderSplit" name="testOrderSplitCreateOrder" time="0.171"/>
  <testcase classname="orderSplit.TestsOrderSplit" name="testOrderSplitSplitOrderAgain" time="0.098"/>
  <testcase classname="orderSplit.TestsOrderSplit" name="testOrderSplitInventoryDetailsAfterCreateOrder" time="0.160"/>
  <testcase classname="orderSplit.TestsOrderSplit" name="testOrderSplitSplitOrder" time="0.184"/>
  <testcase classname="orderSplit.TestsOrderSplit" name="testOrderSplitSplitNewOrder" time="0.153"/>
  <testcase classname="orderSplit.TestsOrderSplit" name="testOrderSplitInventoryDetailsAfterSplitOrderAgain" time="0.151"/>
  <testcase classname="orderSplit.TestsOrderSplit" name="testOrderSplitInventoryDetailsBeforeCreateOrder" time="0.176"/>
</testsuite> <!-- orderSplit.TestsOrderSplit -->
