<?xml version="1.0" encoding="UTF-8"?>
<!-- Generated by org.testng.reporters.JUnitReportReporter -->
<testsuite hostname="Admins-MacBook-Pro.local" failures="0" tests="9" name="orderSplit.TestsOrderSplit" time="1.591" errors="0" timestamp="2025-01-07T15:29:03 IST" skipped="0">
  <testcase classname="orderSplit.TestsOrderSplit" name="testOrderSplitInventoryDetailsAfterSplitOrderAgain" time="0.146"/>
  <testcase classname="orderSplit.TestsOrderSplit" name="testOrderSplitInventoryDetailsAfterSplitNewOrder" time="0.170"/>
  <testcase classname="orderSplit.TestsOrderSplit" name="testOrderSplitCreateOrder" time="0.332"/>
  <testcase classname="orderSplit.TestsOrderSplit" name="testOrderSplitInventoryDetailsAfterCreateOrder" time="0.171"/>
  <testcase classname="orderSplit.TestsOrderSplit" name="testOrderSplitSplitOrderAgain" time="0.100"/>
  <testcase classname="orderSplit.TestsOrderSplit" name="testOrderSplitSplitNewOrder" time="0.160"/>
  <testcase classname="orderSplit.TestsOrderSplit" name="testOrderSplitSplitOrder" time="0.207"/>
  <testcase classname="orderSplit.TestsOrderSplit" name="testOrderSplitInventoryDetailsAfterSplitOrder" time="0.156"/>
  <testcase classname="orderSplit.TestsOrderSplit" name="testOrderSplitInventoryDetailsBeforeCreateOrder" time="0.149"/>
</testsuite> <!-- orderSplit.TestsOrderSplit -->
