<?xml version="1.0" encoding="UTF-8"?>
<!-- Generated by org.testng.reporters.JUnitReportReporter -->
<testsuite hostname="Admins-MacBook-Pro.local" failures="0" tests="5" name="orderCancelCreateOrder.TestsOrderCancelCreateOrder" time="1.344" errors="0" timestamp="2025-01-03T17:44:09 IST" skipped="0">
  <testcase classname="orderCancelCreateOrder.TestsOrderCancelCreateOrder" name="testOrderCancelCreateOrderCancelOrder" time="0.263"/>
  <testcase classname="orderCancelCreateOrder.TestsOrderCancelCreateOrder" name="testOrderCancelCreateOrderCreateOrder" time="0.537"/>
  <testcase classname="orderCancelCreateOrder.TestsOrderCancelCreateOrder" name="testOrderCancelCreateOrderInventoryDetailsAfterCreateOrder" time="0.151"/>
  <testcase classname="orderCancelCreateOrder.TestsOrderCancelCreateOrder" name="testOrderCancelCreateOrderInventoryDetailsAfterCancelOrder" time="0.174"/>
  <testcase classname="orderCancelCreateOrder.TestsOrderCancelCreateOrder" name="testOrderCancelCreateOrderInventoryDetailsBeforeCreateOrder" time="0.219"/>
</testsuite> <!-- orderCancelCreateOrder.TestsOrderCancelCreateOrder -->
