<?xml version="1.0" encoding="UTF-8"?>
<!-- Generated by org.testng.reporters.JUnitReportReporter -->
<testsuite hostname="Admins-MBP.lan" failures="0" tests="5" name="orderCancelCreateOrder.TestsOrderCancelCreateOrder" time="1.082" errors="0" timestamp="2025-01-03T10:57:14 IST" skipped="0">
  <testcase classname="orderCancelCreateOrder.TestsOrderCancelCreateOrder" name="testOrderCancelCreateOrderInventoryDetailsAfterCreateOrder" time="0.186"/>
  <testcase classname="orderCancelCreateOrder.TestsOrderCancelCreateOrder" name="testOrderCancelCreateOrderCreateOrder" time="0.395"/>
  <testcase classname="orderCancelCreateOrder.TestsOrderCancelCreateOrder" name="testOrderCancelCreateOrderCancelOrder" time="0.154"/>
  <testcase classname="orderCancelCreateOrder.TestsOrderCancelCreateOrder" name="testOrderCancelCreateOrderInventoryDetailsAfterCancelOrder" time="0.166"/>
  <testcase classname="orderCancelCreateOrder.TestsOrderCancelCreateOrder" name="testOrderCancelCreateOrderInventoryDetailsBeforeCreateOrder" time="0.181"/>
</testsuite> <!-- orderCancelCreateOrder.TestsOrderCancelCreateOrder -->
