<?xml version="1.0" encoding="UTF-8"?>
<!-- Generated by org.testng.reporters.JUnitReportReporter -->
<testsuite hostname="Admins-MacBook-Pro.local" failures="0" tests="1" name="bearerTokenGenerate.copy.TestsBearerTokenGenerate" time="2.874" errors="0" timestamp="2024-12-22T22:18:17 IST" skipped="0">
  <testcase classname="bearerTokenGenerate.copy.TestsBearerTokenGenerate" name="testOrderFlowGenerateToken" time="2.874"/>
</testsuite> <!-- bearerTokenGenerate.copy.TestsBearerTokenGenerate -->
