<?xml version="1.0" encoding="UTF-8"?>
<!-- Generated by org.testng.reporters.JUnitReportReporter -->
<testsuite hostname="Admins-MacBook-Pro.local" failures="1" tests="33" name="orderFlowNegative.TestsOrderFlowNegative" time="5.721" errors="0" timestamp="2025-01-03T17:44:09 IST" skipped="19">
  <testcase classname="orderFlowNegative.TestsOrderFlowNegative" name="testOrderFlowNegativeInventoryDetailsAfterCompleteQCReturn" time="0.000">
    <skipped/>
  </testcase> <!-- testOrderFlowNegativeInventoryDetailsAfterCompleteQCReturn -->
  <testcase classname="orderFlowNegative.TestsOrderFlowNegative" name="testOrderFlowNegativeInventoryDetailsAfterDeliver" time="0.000">
    <skipped/>
  </testcase> <!-- testOrderFlowNegativeInventoryDetailsAfterDeliver -->
  <testcase classname="orderFlowNegative.TestsOrderFlowNegative" name="testOrderFlowNegativeInventoryDetailsAfterInventorySettlementReturn" time="0.000">
    <skipped/>
  </testcase> <!-- testOrderFlowNegativeInventoryDetailsAfterInventorySettlementReturn -->
  <testcase classname="orderFlowNegative.TestsOrderFlowNegative" name="testOrderFlowNegativeBatchAssign" time="0.398"/>
  <testcase classname="orderFlowNegative.TestsOrderFlowNegative" name="testOrderFlowNegativeActionCompleteQC" time="0.000">
    <skipped/>
  </testcase> <!-- testOrderFlowNegativeActionCompleteQC -->
  <testcase classname="orderFlowNegative.TestsOrderFlowNegative" name="testOrderFlowNegativeInventoryDetailsAfterInvoiceNumber" time="0.183"/>
  <testcase classname="orderFlowNegative.TestsOrderFlowNegative" name="testOrderFlowNegativeInventoryDetailsAfterCompleteQC" time="0.000">
    <skipped/>
  </testcase> <!-- testOrderFlowNegativeInventoryDetailsAfterCompleteQC -->
  <testcase classname="orderFlowNegative.TestsOrderFlowNegative" name="testOrderFlowNegativeInventoryDetailsAfterInventorySettlement" time="0.000">
    <skipped/>
  </testcase> <!-- testOrderFlowNegativeInventoryDetailsAfterInventorySettlement -->
  <testcase classname="orderFlowNegative.TestsOrderFlowNegative" name="testOrderFlowNegativeInventoryDetailsAfterMarkPacked" time="0.169"/>
  <testcase classname="orderFlowNegative.TestsOrderFlowNegative" name="testOrderFlowNegativeInventoryDetailsAfterCreateShipment" time="0.169"/>
  <testcase classname="orderFlowNegative.TestsOrderFlowNegative" name="testOrderFlowNegativecreateOrder" time="0.563"/>
  <testcase classname="orderFlowNegative.TestsOrderFlowNegative" name="testOrderFlowNegativeRejectItemQC" time="0.001">
    <skipped/>
  </testcase> <!-- testOrderFlowNegativeRejectItemQC -->
  <testcase classname="orderFlowNegative.TestsOrderFlowNegative" name="testOrderFlowNegativeInventorySettlementReturn" time="0.000">
    <skipped/>
  </testcase> <!-- testOrderFlowNegativeInventorySettlementReturn -->
  <testcase classname="orderFlowNegative.TestsOrderFlowNegative" name="testOrderFlowNegativeInventoryDetailsAfterDispatch" time="0.169"/>
  <testcase classname="orderFlowNegative.TestsOrderFlowNegative" name="testOrderFlowNegativeDeliver" time="0.086">
    <failure message="Test failed due to unexpected status code: 400" type="java.lang.AssertionError">
      <![CDATA[java.lang.AssertionError: Test failed due to unexpected status code: 400
at org.testng.Assert.fail(Assert.java:111)
at allCommonData.TestHelper.validateStatusCode(TestHelper.java:21)
at orderFlowNegative.TestsOrderFlowNegative.testOrderFlowNegativeDeliver(TestsOrderFlowNegative.java:550)
at java.base/jdk.internal.reflect.DirectMethodHandleAccessor.invoke(DirectMethodHandleAccessor.java:103)
at java.base/java.lang.reflect.Method.invoke(Method.java:580)
at org.testng.internal.invokers.MethodInvocationHelper.invokeMethod(MethodInvocationHelper.java:141)
at org.testng.internal.invokers.TestInvoker.invokeMethod(TestInvoker.java:686)
at org.testng.internal.invokers.TestInvoker.invokeTestMethod(TestInvoker.java:230)
at org.testng.internal.invokers.MethodRunner.runInSequence(MethodRunner.java:63)
at org.testng.internal.invokers.TestInvoker$MethodInvocationAgent.invoke(TestInvoker.java:992)
at org.testng.internal.invokers.TestInvoker.invokeTestMethods(TestInvoker.java:203)
at org.testng.internal.invokers.TestMethodWorker.invokeTestMethods(TestMethodWorker.java:154)
at org.testng.internal.invokers.TestMethodWorker.run(TestMethodWorker.java:134)
at java.base/java.util.ArrayList.forEach(ArrayList.java:1597)
at org.testng.TestRunner.privateRun(TestRunner.java:739)
at org.testng.TestRunner.run(TestRunner.java:614)
at org.testng.SuiteRunner.runTest(SuiteRunner.java:421)
at org.testng.SuiteRunner.runSequentially(SuiteRunner.java:413)
at org.testng.SuiteRunner.privateRun(SuiteRunner.java:373)
at org.testng.SuiteRunner.run(SuiteRunner.java:312)
at org.testng.SuiteRunnerWorker.runSuite(SuiteRunnerWorker.java:52)
at org.testng.SuiteRunnerWorker.run(SuiteRunnerWorker.java:95)
at org.testng.TestNG.runSuitesSequentially(TestNG.java:1274)
at org.testng.TestNG.runSuitesLocally(TestNG.java:1208)
at org.testng.TestNG.runSuites(TestNG.java:1112)
at org.testng.TestNG.run(TestNG.java:1079)
at org.testng.remote.AbstractRemoteTestNG.run(AbstractRemoteTestNG.java:115)
at org.testng.remote.RemoteTestNG.initAndRun(RemoteTestNG.java:293)
at org.testng.remote.RemoteTestNG.main(RemoteTestNG.java:91)
]]>
    </failure>
  </testcase> <!-- testOrderFlowNegativeDeliver -->
  <testcase classname="orderFlowNegative.TestsOrderFlowNegative" name="testOrderFlowNegativeAcceptItemQCReturn" time="0.000">
    <skipped/>
  </testcase> <!-- testOrderFlowNegativeAcceptItemQCReturn -->
  <testcase classname="orderFlowNegative.TestsOrderFlowNegative" name="testOrderFlowNegativeInventoryDetailsAfterActionCompleteQC" time="0.000">
    <skipped/>
  </testcase> <!-- testOrderFlowNegativeInventoryDetailsAfterActionCompleteQC -->
  <testcase classname="orderFlowNegative.TestsOrderFlowNegative" name="testOrderFlowNegativeInventorySettlement" time="0.000">
    <skipped/>
  </testcase> <!-- testOrderFlowNegativeInventorySettlement -->
  <testcase classname="orderFlowNegative.TestsOrderFlowNegative" name="testOrderFlowNegativeCompleteQCReturn" time="0.000">
    <skipped/>
  </testcase> <!-- testOrderFlowNegativeCompleteQCReturn -->
  <testcase classname="orderFlowNegative.TestsOrderFlowNegative" name="testOrderFlowNegativeCompleteQC" time="0.000">
    <skipped/>
  </testcase> <!-- testOrderFlowNegativeCompleteQC -->
  <testcase classname="orderFlowNegative.TestsOrderFlowNegative" name="testOrderFlowNegativeInventoryDetailsAfterAcceptItemQCReturn" time="0.000">
    <skipped/>
  </testcase> <!-- testOrderFlowNegativeInventoryDetailsAfterAcceptItemQCReturn -->
  <testcase classname="orderFlowNegative.TestsOrderFlowNegative" name="testOrderFlowNegativeInventoryDetailsAfterCreateOrder" time="0.207"/>
  <testcase classname="orderFlowNegative.TestsOrderFlowNegative" name="testOrderFlowNegativeOrderIdReturn" time="0.000">
    <skipped/>
  </testcase> <!-- testOrderFlowNegativeOrderIdReturn -->
  <testcase classname="orderFlowNegative.TestsOrderFlowNegative" name="testOrderFlowNegativeCreateShipment" time="0.762"/>
  <testcase classname="orderFlowNegative.TestsOrderFlowNegative" name="testOrderFlowNegativeDispatch" time="0.541"/>
  <testcase classname="orderFlowNegative.TestsOrderFlowNegative" name="testOrderFlowNegativeInvoiceNumber" time="0.248"/>
  <testcase classname="orderFlowNegative.TestsOrderFlowNegative" name="testOrderFlowNegativeMarkPacked" time="0.795"/>
  <testcase classname="orderFlowNegative.TestsOrderFlowNegative" name="testOrderFlowNegativeInventoryDetailsAfterRejectItemQC" time="0.000">
    <skipped/>
  </testcase> <!-- testOrderFlowNegativeInventoryDetailsAfterRejectItemQC -->
  <testcase classname="orderFlowNegative.TestsOrderFlowNegative" name="testOrderFlowNegativeInventoryDetailsAfterActionCompleteQCReturn" time="0.000">
    <skipped/>
  </testcase> <!-- testOrderFlowNegativeInventoryDetailsAfterActionCompleteQCReturn -->
  <testcase classname="orderFlowNegative.TestsOrderFlowNegative" name="testOrderFlowNegativeInventoryDetailsAfterBatchAssign" time="1.235"/>
  <testcase classname="orderFlowNegative.TestsOrderFlowNegative" name="testOrderFlowNegativeActionCompleteQCReturn" time="0.000">
    <skipped/>
  </testcase> <!-- testOrderFlowNegativeActionCompleteQCReturn -->
  <testcase classname="orderFlowNegative.TestsOrderFlowNegative" name="testOrderFlowNegativeInventoryAfterDetailsOrderIdReturn" time="0.000">
    <skipped/>
  </testcase> <!-- testOrderFlowNegativeInventoryAfterDetailsOrderIdReturn -->
  <testcase classname="orderFlowNegative.TestsOrderFlowNegative" name="testOrderFlowNegativeInventoryDetailsBeforeCreateOrder" time="0.195"/>
</testsuite> <!-- orderFlowNegative.TestsOrderFlowNegative -->
