<?xml version="1.0" encoding="UTF-8"?>
<!-- Generated by org.testng.reporters.JUnitReportReporter -->
<testsuite hostname="Admins-MBP.lan" failures="0" tests="33" name="orderFlowNegative.TestsOrderFlowNegative" time="5.318" errors="0" timestamp="2025-01-03T10:57:14 IST" skipped="0">
  <testcase classname="orderFlowNegative.TestsOrderFlowNegative" name="testOrderFlowNegativeInventoryDetailsAfterCompleteQCReturn" time="0.174"/>
  <testcase classname="orderFlowNegative.TestsOrderFlowNegative" name="testOrderFlowNegativeInventoryDetailsAfterCompleteQC" time="0.176"/>
  <testcase classname="orderFlowNegative.TestsOrderFlowNegative" name="testOrderFlowNegativeInventoryDetailsAfterRejectItemQC" time="0.167"/>
  <testcase classname="orderFlowNegative.TestsOrderFlowNegative" name="testOrderFlowNegativeMarkPacked" time="0.122"/>
  <testcase classname="orderFlowNegative.TestsOrderFlowNegative" name="testOrderFlowNegativeInventoryDetailsAfterBatchAssign" time="0.158"/>
  <testcase classname="orderFlowNegative.TestsOrderFlowNegative" name="testOrderFlowNegativeRejectItemQC" time="0.162"/>
  <testcase classname="orderFlowNegative.TestsOrderFlowNegative" name="testOrderFlowNegativecreateOrder" time="0.202"/>
  <testcase classname="orderFlowNegative.TestsOrderFlowNegative" name="testOrderFlowNegativeInventorySettlement" time="0.161"/>
  <testcase classname="orderFlowNegative.TestsOrderFlowNegative" name="testOrderFlowNegativeInventoryDetailsAfterDispatch" time="0.185"/>
  <testcase classname="orderFlowNegative.TestsOrderFlowNegative" name="testOrderFlowNegativeInventoryDetailsAfterCreateOrder" time="0.195"/>
  <testcase classname="orderFlowNegative.TestsOrderFlowNegative" name="testOrderFlowNegativeDispatch" time="0.184"/>
  <testcase classname="orderFlowNegative.TestsOrderFlowNegative" name="testOrderFlowNegativeInventoryAfterDetailsOrderIdReturn" time="0.143"/>
  <testcase classname="orderFlowNegative.TestsOrderFlowNegative" name="testOrderFlowNegativeInventoryDetailsAfterCreateShipment" time="0.185"/>
  <testcase classname="orderFlowNegative.TestsOrderFlowNegative" name="testOrderFlowNegativeAcceptItemQCReturn" time="0.122"/>
  <testcase classname="orderFlowNegative.TestsOrderFlowNegative" name="testOrderFlowNegativeCompleteQC" time="0.126"/>
  <testcase classname="orderFlowNegative.TestsOrderFlowNegative" name="testOrderFlowNegativeInventorySettlementReturn" time="0.161"/>
  <testcase classname="orderFlowNegative.TestsOrderFlowNegative" name="testOrderFlowNegativeInventoryDetailsAfterMarkPacked" time="0.191"/>
  <testcase classname="orderFlowNegative.TestsOrderFlowNegative" name="testOrderFlowNegativeInventoryDetailsAfterInventorySettlementReturn" time="0.171"/>
  <testcase classname="orderFlowNegative.TestsOrderFlowNegative" name="testOrderFlowNegativeInventoryDetailsAfterAcceptItemQCReturn" time="0.149"/>
  <testcase classname="orderFlowNegative.TestsOrderFlowNegative" name="testOrderFlowNegativeInventoryDetailsAfterInvoiceNumber" time="0.181"/>
  <testcase classname="orderFlowNegative.TestsOrderFlowNegative" name="testOrderFlowNegativeActionCompleteQCReturn" time="0.111"/>
  <testcase classname="orderFlowNegative.TestsOrderFlowNegative" name="testOrderFlowNegativeBatchAssign" time="0.179"/>
  <testcase classname="orderFlowNegative.TestsOrderFlowNegative" name="testOrderFlowNegativeInventoryDetailsAfterInventorySettlement" time="0.160"/>
  <testcase classname="orderFlowNegative.TestsOrderFlowNegative" name="testOrderFlowNegativeCompleteQCReturn" time="0.119"/>
  <testcase classname="orderFlowNegative.TestsOrderFlowNegative" name="testOrderFlowNegativeInvoiceNumber" time="0.144"/>
  <testcase classname="orderFlowNegative.TestsOrderFlowNegative" name="testOrderFlowNegativeDeliver" time="0.132"/>
  <testcase classname="orderFlowNegative.TestsOrderFlowNegative" name="testOrderFlowNegativeInventoryDetailsAfterActionCompleteQC" time="0.205"/>
  <testcase classname="orderFlowNegative.TestsOrderFlowNegative" name="testOrderFlowNegativeInventoryDetailsAfterDeliver" time="0.184"/>
  <testcase classname="orderFlowNegative.TestsOrderFlowNegative" name="testOrderFlowNegativeActionCompleteQC" time="0.139"/>
  <testcase classname="orderFlowNegative.TestsOrderFlowNegative" name="testOrderFlowNegativeCreateShipment" time="0.185"/>
  <testcase classname="orderFlowNegative.TestsOrderFlowNegative" name="testOrderFlowNegativeOrderIdReturn" time="0.102"/>
  <testcase classname="orderFlowNegative.TestsOrderFlowNegative" name="testOrderFlowNegativeInventoryDetailsAfterActionCompleteQCReturn" time="0.149"/>
  <testcase classname="orderFlowNegative.TestsOrderFlowNegative" name="testOrderFlowNegativeInventoryDetailsBeforeCreateOrder" time="0.194"/>
</testsuite> <!-- orderFlowNegative.TestsOrderFlowNegative -->
