<?xml version="1.0" encoding="UTF-8"?>
<!-- Generated by org.testng.reporters.JUnitReportReporter -->
<testsuite hostname="Admins-MBP-111.lan" failures="0" tests="1" name="bearertoken.TestsBearerToken" time="2.841" errors="0" timestamp="2024-12-18T12:13:36 IST" skipped="0">
  <testcase classname="bearertoken.TestsBearerToken" name="testOrderFlowGenerateToken" time="2.841"/>
</testsuite> <!-- bearertoken.TestsBearerToken -->
