<?xml version="1.0" encoding="UTF-8"?>
<!-- Generated by org.testng.reporters.JUnitReportReporter -->
<testsuite hostname="Admins-MacBook-Pro.local" failures="0" tests="1" name="bearerTokenGenerate.TestsBearerTokenGenerate" time="2.765" errors="0" timestamp="2025-01-07T15:43:28 IST" skipped="0">
  <testcase classname="bearerTokenGenerate.TestsBearerTokenGenerate" name="testOrderFlowGenerateToken" time="2.765"/>
</testsuite> <!-- bearerTokenGenerate.TestsBearerTokenGenerate -->
