<?xml version="1.0" encoding="UTF-8"?>
<!-- Generated by org.testng.reporters.JUnitReportReporter -->
<testsuite hostname="Admins-MBP.lan" failures="0" tests="5" name="orderCancelCreateOrder.TestsOrderCancelCreateOrder" time="0.954" errors="0" timestamp="2025-01-06T17:43:28 IST" skipped="0">
  <testcase classname="orderCancelCreateOrder.TestsOrderCancelCreateOrder" name="testOrderCancelCreateOrderCreateOrder" time="0.158"/>
  <testcase classname="orderCancelCreateOrder.TestsOrderCancelCreateOrder" name="testOrderCancelCreateOrderCancelOrder" time="0.128"/>
  <testcase classname="orderCancelCreateOrder.TestsOrderCancelCreateOrder" name="testOrderCancelCreateOrderInventoryDetailsAfterCancelOrder" time="0.229"/>
  <testcase classname="orderCancelCreateOrder.TestsOrderCancelCreateOrder" name="testOrderCancelCreateOrderInventoryDetailsAfterCreateOrder" time="0.190"/>
  <testcase classname="orderCancelCreateOrder.TestsOrderCancelCreateOrder" name="testOrderCancelCreateOrderInventoryDetailsBeforeCreateOrder" time="0.249"/>
</testsuite> <!-- orderCancelCreateOrder.TestsOrderCancelCreateOrder -->
