<?xml version="1.0" encoding="UTF-8"?>
<!-- Generated by org.testng.reporters.JUnitReportReporter -->
<testsuite hostname="Admins-MBP.lan" failures="0" tests="1" name="bearerTokenGenerate.TestsBearerTokenGenerate" time="5.112" errors="0" timestamp="2025-01-06T15:01:49 IST" skipped="0">
  <testcase classname="bearerTokenGenerate.TestsBearerTokenGenerate" name="testOrderFlowGenerateToken" time="5.112"/>
</testsuite> <!-- bearerTokenGenerate.TestsBearerTokenGenerate -->
