<?xml version="1.0" encoding="UTF-8"?>
<!-- Generated by org.testng.reporters.JUnitReportReporter -->
<testsuite hostname="Admins-MBP.lan" failures="0" tests="1" name="bearerTokenGenerate.TestsBearerTokenGenerate" time="2.729" errors="0" timestamp="2025-01-06T17:43:28 IST" skipped="0">
  <testcase classname="bearerTokenGenerate.TestsBearerTokenGenerate" name="testOrderFlowGenerateToken" time="2.729"/>
</testsuite> <!-- bearerTokenGenerate.TestsBearerTokenGenerate -->
