<?xml version="1.0" encoding="UTF-8"?>
<!-- Generated by org.testng.reporters.JUnitReportReporter -->
<testsuite hostname="Admins-MacBook-Pro.local" failures="0" tests="33" name="orderFlowNegative.TestsOrderFlowNegative" time="7.277" errors="0" timestamp="2025-01-03T15:39:45 IST" skipped="0">
  <testcase classname="orderFlowNegative.TestsOrderFlowNegative" name="testOrderFlowNegativeInventoryDetailsAfterMarkPacked" time="0.157"/>
  <testcase classname="orderFlowNegative.TestsOrderFlowNegative" name="testOrderFlowNegativeInventoryDetailsAfterActionCompleteQCReturn" time="0.210"/>
  <testcase classname="orderFlowNegative.TestsOrderFlowNegative" name="testOrderFlowNegativeBatchAssign" time="0.232"/>
  <testcase classname="orderFlowNegative.TestsOrderFlowNegative" name="testOrderFlowNegativeInvoiceNumber" time="0.439"/>
  <testcase classname="orderFlowNegative.TestsOrderFlowNegative" name="testOrderFlowNegativeInventoryDetailsAfterCreateOrder" time="0.181"/>
  <testcase classname="orderFlowNegative.TestsOrderFlowNegative" name="testOrderFlowNegativeInventoryDetailsAfterRejectItemQC" time="0.151"/>
  <testcase classname="orderFlowNegative.TestsOrderFlowNegative" name="testOrderFlowNegativeInventoryDetailsAfterCreateShipment" time="0.160"/>
  <testcase classname="orderFlowNegative.TestsOrderFlowNegative" name="testOrderFlowNegativeActionCompleteQC" time="0.117"/>
  <testcase classname="orderFlowNegative.TestsOrderFlowNegative" name="testOrderFlowNegativeRejectItemQC" time="0.232"/>
  <testcase classname="orderFlowNegative.TestsOrderFlowNegative" name="testOrderFlowNegativecreateOrder" time="0.246"/>
  <testcase classname="orderFlowNegative.TestsOrderFlowNegative" name="testOrderFlowNegativeInventoryDetailsAfterActionCompleteQC" time="0.148"/>
  <testcase classname="orderFlowNegative.TestsOrderFlowNegative" name="testOrderFlowNegativeActionCompleteQCReturn" time="0.119"/>
  <testcase classname="orderFlowNegative.TestsOrderFlowNegative" name="testOrderFlowNegativeInventoryDetailsAfterDeliver" time="0.207"/>
  <testcase classname="orderFlowNegative.TestsOrderFlowNegative" name="testOrderFlowNegativeInventoryDetailsAfterCompleteQC" time="0.149"/>
  <testcase classname="orderFlowNegative.TestsOrderFlowNegative" name="testOrderFlowNegativeInventoryDetailsAfterBatchAssign" time="0.154"/>
  <testcase classname="orderFlowNegative.TestsOrderFlowNegative" name="testOrderFlowNegativeDeliver" time="0.254"/>
  <testcase classname="orderFlowNegative.TestsOrderFlowNegative" name="testOrderFlowNegativeCompleteQC" time="0.125"/>
  <testcase classname="orderFlowNegative.TestsOrderFlowNegative" name="testOrderFlowNegativeMarkPacked" time="0.348"/>
  <testcase classname="orderFlowNegative.TestsOrderFlowNegative" name="testOrderFlowNegativeInventoryDetailsAfterAcceptItemQCReturn" time="0.137"/>
  <testcase classname="orderFlowNegative.TestsOrderFlowNegative" name="testOrderFlowNegativeInventoryAfterDetailsOrderIdReturn" time="0.144"/>
  <testcase classname="orderFlowNegative.TestsOrderFlowNegative" name="testOrderFlowNegativeCreateShipment" time="0.462"/>
  <testcase classname="orderFlowNegative.TestsOrderFlowNegative" name="testOrderFlowNegativeAcceptItemQCReturn" time="0.111"/>
  <testcase classname="orderFlowNegative.TestsOrderFlowNegative" name="testOrderFlowNegativeInventoryDetailsAfterInventorySettlement" time="0.164"/>
  <testcase classname="orderFlowNegative.TestsOrderFlowNegative" name="testOrderFlowNegativeInventoryDetailsAfterInvoiceNumber" time="0.149"/>
  <testcase classname="orderFlowNegative.TestsOrderFlowNegative" name="testOrderFlowNegativeInventoryDetailsAfterCompleteQCReturn" time="0.165"/>
  <testcase classname="orderFlowNegative.TestsOrderFlowNegative" name="testOrderFlowNegativeCompleteQCReturn" time="0.172"/>
  <testcase classname="orderFlowNegative.TestsOrderFlowNegative" name="testOrderFlowNegativeInventorySettlement" time="0.284"/>
  <testcase classname="orderFlowNegative.TestsOrderFlowNegative" name="testOrderFlowNegativeInventorySettlementReturn" time="0.265"/>
  <testcase classname="orderFlowNegative.TestsOrderFlowNegative" name="testOrderFlowNegativeDispatch" time="0.445"/>
  <testcase classname="orderFlowNegative.TestsOrderFlowNegative" name="testOrderFlowNegativeOrderIdReturn" time="0.654"/>
  <testcase classname="orderFlowNegative.TestsOrderFlowNegative" name="testOrderFlowNegativeInventoryDetailsAfterInventorySettlementReturn" time="0.138"/>
  <testcase classname="orderFlowNegative.TestsOrderFlowNegative" name="testOrderFlowNegativeInventoryDetailsAfterDispatch" time="0.182"/>
  <testcase classname="orderFlowNegative.TestsOrderFlowNegative" name="testOrderFlowNegativeInventoryDetailsBeforeCreateOrder" time="0.176"/>
</testsuite> <!-- orderFlowNegative.TestsOrderFlowNegative -->
