<?xml version="1.0" encoding="UTF-8"?>
<!-- Generated by org.testng.reporters.JUnitReportReporter -->
<testsuite hostname="Admins-MBP.lan" failures="1" tests="13" name="orderUpdateDispatch.TestsOrderUpdateDispatch" time="5.305" errors="0" timestamp="2025-01-06T11:01:34 IST" skipped="0">
  <testcase classname="orderUpdateDispatch.TestsOrderUpdateDispatch" name="testOrderUpdateDispatchCreateShipment" time="0.432"/>
  <testcase classname="orderUpdateDispatch.TestsOrderUpdateDispatch" name="testOrderUpdateDispatchInventoryDetailsAfterMarkPacked" time="0.164"/>
  <testcase classname="orderUpdateDispatch.TestsOrderUpdateDispatch" name="testOrderUpdateDispatchInventoryDetailsAfterUpdateOrder" time="0.169">
    <failure message="The following asserts failed:
	Pending Stock value Before Create Order is: 52, New Ordered Quantity is: 7, Expected Pending Stock value (Pending Stock Value Before Updating Order + New Ordered Quantity) After Update Order is: 59, But Actual Pending Stock value After Update Order is: 57. Incorrect,
	Expected Intransient Stock value (Intransient Stock value After Update Order = Intransient Stock value Before Create Order) After Update Order is: 42 But Actual Intransient Stock value After Update Order is: 44. Incorrect,
	Expected Available Stock value (Available Stock value After Update Order = Available Stock value Before Create Order) After Update Order is: 99952 But Actual Available Stock value After Update Order is: 99950. Incorrect" type="java.lang.AssertionError">
      <![CDATA[java.lang.AssertionError: The following asserts failed:
Pending Stock value Before Create Order is: 52, New Ordered Quantity is: 7, Expected Pending Stock value (Pending Stock Value Before Updating Order + New Ordered Quantity) After Update Order is: 59, But Actual Pending Stock value After Update Order is: 57. Incorrect,
Expected Intransient Stock value (Intransient Stock value After Update Order = Intransient Stock value Before Create Order) After Update Order is: 42 But Actual Intransient Stock value After Update Order is: 44. Incorrect,
Expected Available Stock value (Available Stock value After Update Order = Available Stock value Before Create Order) After Update Order is: 99952 But Actual Available Stock value After Update Order is: 99950. Incorrect
at org.testng.asserts.SoftAssert.assertAll(SoftAssert.java:46)
at org.testng.asserts.SoftAssert.assertAll(SoftAssert.java:30)
at orderUpdateDispatch.TestsOrderUpdateDispatch.testOrderUpdateDispatchInventoryDetailsAfterUpdateOrder(TestsOrderUpdateDispatch.java:543)
at java.base/jdk.internal.reflect.DirectMethodHandleAccessor.invoke(DirectMethodHandleAccessor.java:103)
at java.base/java.lang.reflect.Method.invoke(Method.java:580)
at org.testng.internal.invokers.MethodInvocationHelper.invokeMethod(MethodInvocationHelper.java:141)
at org.testng.internal.invokers.TestInvoker.invokeMethod(TestInvoker.java:686)
at org.testng.internal.invokers.TestInvoker.invokeTestMethod(TestInvoker.java:230)
at org.testng.internal.invokers.MethodRunner.runInSequence(MethodRunner.java:63)
at org.testng.internal.invokers.TestInvoker$MethodInvocationAgent.invoke(TestInvoker.java:992)
at org.testng.internal.invokers.TestInvoker.invokeTestMethods(TestInvoker.java:203)
at org.testng.internal.invokers.TestMethodWorker.invokeTestMethods(TestMethodWorker.java:154)
at org.testng.internal.invokers.TestMethodWorker.run(TestMethodWorker.java:134)
at java.base/java.util.ArrayList.forEach(ArrayList.java:1597)
at org.testng.TestRunner.privateRun(TestRunner.java:739)
at org.testng.TestRunner.run(TestRunner.java:614)
at org.testng.SuiteRunner.runTest(SuiteRunner.java:421)
at org.testng.SuiteRunner.runSequentially(SuiteRunner.java:413)
at org.testng.SuiteRunner.privateRun(SuiteRunner.java:373)
at org.testng.SuiteRunner.run(SuiteRunner.java:312)
at org.testng.SuiteRunnerWorker.runSuite(SuiteRunnerWorker.java:52)
at org.testng.SuiteRunnerWorker.run(SuiteRunnerWorker.java:95)
at org.testng.TestNG.runSuitesSequentially(TestNG.java:1274)
at org.testng.TestNG.runSuitesLocally(TestNG.java:1208)
at org.testng.TestNG.runSuites(TestNG.java:1112)
at org.testng.TestNG.run(TestNG.java:1079)
at org.apache.maven.surefire.testng.TestNGExecutor.run(TestNGExecutor.java:308)
at org.apache.maven.surefire.testng.TestNGXmlTestSuite.execute(TestNGXmlTestSuite.java:71)
at org.apache.maven.surefire.testng.TestNGProvider.invoke(TestNGProvider.java:113)
at org.apache.maven.surefire.booter.ForkedBooter.runSuitesInProcess(ForkedBooter.java:385)
at org.apache.maven.surefire.booter.ForkedBooter.execute(ForkedBooter.java:162)
at org.apache.maven.surefire.booter.ForkedBooter.run(ForkedBooter.java:507)
at org.apache.maven.surefire.booter.ForkedBooter.main(ForkedBooter.java:495)
]]>
    </failure>
  </testcase> <!-- testOrderUpdateDispatchInventoryDetailsAfterUpdateOrder -->
  <testcase classname="orderUpdateDispatch.TestsOrderUpdateDispatch" name="testOrderUpdateDispatchCreateOrder" time="0.486"/>
  <testcase classname="orderUpdateDispatch.TestsOrderUpdateDispatch" name="testOrderUpdateDispatchMarkPacked" time="0.183"/>
  <testcase classname="orderUpdateDispatch.TestsOrderUpdateDispatch" name="testOrderUpdateDispatchInventoryDetailsAfterCreateShipment" time="0.183"/>
  <testcase classname="orderUpdateDispatch.TestsOrderUpdateDispatch" name="testOrderUpdateDispatchBatchAssign" time="0.310"/>
  <testcase classname="orderUpdateDispatch.TestsOrderUpdateDispatch" name="testOrderUpdateDispatchInventoryDetailsAfterBatchAssign" time="0.151"/>
  <testcase classname="orderUpdateDispatch.TestsOrderUpdateDispatch" name="testOrderUpdateDispatchDispatch" time="0.916"/>
  <testcase classname="orderUpdateDispatch.TestsOrderUpdateDispatch" name="testOrderUpdateDispatchInventoryDetailsAfterDispatch" time="0.146"/>
  <testcase classname="orderUpdateDispatch.TestsOrderUpdateDispatch" name="testOrderUpdateDispatchUpdateOrder" time="1.820"/>
  <testcase classname="orderUpdateDispatch.TestsOrderUpdateDispatch" name="testOrderUpdateDispatchInventoryDetailsAfterCreateOrder" time="0.191"/>
  <testcase classname="orderUpdateDispatch.TestsOrderUpdateDispatch" name="testOrderUpdateDispatchInventoryDetailsBeforeCreateOrder" time="0.154"/>
</testsuite> <!-- orderUpdateDispatch.TestsOrderUpdateDispatch -->
