<?xml version="1.0" encoding="UTF-8"?>
<!-- Generated by org.testng.reporters.JUnitReportReporter -->
<testsuite hostname="Admins-MacBook-Pro.local" failures="0" tests="1" name="bearerTokenGenerate.TestsBearerTokenGenerate" time="3.379" errors="0" timestamp="2025-01-03T17:41:59 IST" skipped="0">
  <testcase classname="bearerTokenGenerate.TestsBearerTokenGenerate" name="testOrderFlowGenerateToken" time="3.379"/>
</testsuite> <!-- bearerTokenGenerate.TestsBearerTokenGenerate -->
