<?xml version="1.0" encoding="UTF-8"?>
<!-- Generated by org.testng.reporters.JUnitReportReporter -->
<testsuite hostname="Admins-MacBook-Pro.local" failures="0" tests="23" name="orderFlowPositive.TestsOrderFlowPositive" time="11.736" errors="0" timestamp="2025-01-03T15:39:45 IST" skipped="0">
  <testcase classname="orderFlowPositive.TestsOrderFlowPositive" name="testOrderFlowPositiveInventoryDetailsAfterDispatch" time="0.183"/>
  <testcase classname="orderFlowPositive.TestsOrderFlowPositive" name="testOrderFlowPositiveDeliver" time="0.246"/>
  <testcase classname="orderFlowPositive.TestsOrderFlowPositive" name="testOrderFlowPositiveInventoryDetailsAfterCompleteQC" time="0.162"/>
  <testcase classname="orderFlowPositive.TestsOrderFlowPositive" name="testOrderFlowPositiveCreateShipment" time="0.884"/>
  <testcase classname="orderFlowPositive.TestsOrderFlowPositive" name="testOrderFlowPositiveInventoryDetailsAfterCreateOrder" time="0.235"/>
  <testcase classname="orderFlowPositive.TestsOrderFlowPositive" name="testOrderFlowPositiveInventoryDetailsAfterInventorySettlement" time="0.193"/>
  <testcase classname="orderFlowPositive.TestsOrderFlowPositive" name="testOrderFlowPositiveInventoryDetailsAfterAcceptItemQC" time="0.166"/>
  <testcase classname="orderFlowPositive.TestsOrderFlowPositive" name="testOrderFlowPositiveActionCompleteQC" time="0.763"/>
  <testcase classname="orderFlowPositive.TestsOrderFlowPositive" name="testOrderFlowPositiveInventoryDetailsAfterInvoiceNumber" time="0.206"/>
  <testcase classname="orderFlowPositive.TestsOrderFlowPositive" name="testOrderFlowPositiveInventoryDetailsAfterMarkPacked" time="0.184"/>
  <testcase classname="orderFlowPositive.TestsOrderFlowPositive" name="testOrderFlowPositiveInventorySettlement" time="0.442"/>
  <testcase classname="orderFlowPositive.TestsOrderFlowPositive" name="testOrderFlowPositivecreateOrder" time="4.109"/>
  <testcase classname="orderFlowPositive.TestsOrderFlowPositive" name="testOrderFlowPositiveInventoryDetailsAfterDeliver" time="0.195"/>
  <testcase classname="orderFlowPositive.TestsOrderFlowPositive" name="testOrderFlowPositiveAcceptItemQC" time="0.229"/>
  <testcase classname="orderFlowPositive.TestsOrderFlowPositive" name="testOrderFlowPositiveDispatch" time="0.525"/>
  <testcase classname="orderFlowPositive.TestsOrderFlowPositive" name="testOrderFlowPositiveInventoryDetailsAfterCreateShipment" time="0.180"/>
  <testcase classname="orderFlowPositive.TestsOrderFlowPositive" name="testOrderFlowPositiveMarkPacked" time="0.291"/>
  <testcase classname="orderFlowPositive.TestsOrderFlowPositive" name="testOrderFlowPositiveCompleteQC" time="0.349"/>
  <testcase classname="orderFlowPositive.TestsOrderFlowPositive" name="testOrderFlowPositiveInvoiceNumber" time="0.338"/>
  <testcase classname="orderFlowPositive.TestsOrderFlowPositive" name="testOrderFlowPositiveBatchAssign" time="0.420"/>
  <testcase classname="orderFlowPositive.TestsOrderFlowPositive" name="testOrderFlowPositiveInventoryDetailsAfterActionCompleteQC" time="0.175"/>
  <testcase classname="orderFlowPositive.TestsOrderFlowPositive" name="testOrderFlowPositiveInventoryDetailsAfterBatchAssign" time="0.213"/>
  <testcase classname="orderFlowPositive.TestsOrderFlowPositive" name="testOrderFlowPositiveInventoryDetailsBeforeCreateOrder" time="1.048"/>
</testsuite> <!-- orderFlowPositive.TestsOrderFlowPositive -->
