<?xml version="1.0" encoding="UTF-8"?>
<!-- Generated by org.testng.reporters.JUnitReportReporter -->
<testsuite hostname="Admins-MacBook-Pro.local" failures="0" tests="9" name="orderSplit.TestsOrderSplit" time="1.291" errors="0" timestamp="2025-01-07T15:43:28 IST" skipped="0">
  <testcase classname="orderSplit.TestsOrderSplit" name="testOrderSplitInventoryDetailsAfterSplitOrder" time="0.149"/>
  <testcase classname="orderSplit.TestsOrderSplit" name="testOrderSplitSplitNewOrder" time="0.142"/>
  <testcase classname="orderSplit.TestsOrderSplit" name="testOrderSplitInventoryDetailsAfterSplitOrderAgain" time="0.142"/>
  <testcase classname="orderSplit.TestsOrderSplit" name="testOrderSplitInventoryDetailsAfterSplitNewOrder" time="0.159"/>
  <testcase classname="orderSplit.TestsOrderSplit" name="testOrderSplitSplitOrderAgain" time="0.094"/>
  <testcase classname="orderSplit.TestsOrderSplit" name="testOrderSplitInventoryDetailsAfterCreateOrder" time="0.134"/>
  <testcase classname="orderSplit.TestsOrderSplit" name="testOrderSplitSplitOrder" time="0.178"/>
  <testcase classname="orderSplit.TestsOrderSplit" name="testOrderSplitCreateOrder" time="0.150"/>
  <testcase classname="orderSplit.TestsOrderSplit" name="testOrderSplitInventoryDetailsBeforeCreateOrder" time="0.143"/>
</testsuite> <!-- orderSplit.TestsOrderSplit -->
