<?xml version="1.0" encoding="UTF-8"?>
<!-- Generated by org.testng.reporters.JUnitReportReporter -->
<testsuite hostname="Admins-MBP.lan" failures="0" tests="1" name="bearerTokenGenerate.TestsBearerTokenGenerate" time="3.061" errors="0" timestamp="2025-01-06T11:01:34 IST" skipped="0">
  <testcase classname="bearerTokenGenerate.TestsBearerTokenGenerate" name="testOrderFlowGenerateToken" time="3.061"/>
</testsuite> <!-- bearerTokenGenerate.TestsBearerTokenGenerate -->
