<?xml version="1.0" encoding="UTF-8"?>
<!-- Generated by org.testng.reporters.JUnitReportReporter -->
<testsuite hostname="Admins-MacBook-Pro.local" failures="0" tests="1" name="api.tests.TestsCreateOrder" time="5.129" errors="0" timestamp="2024-12-09T17:05:51 IST" skipped="0">
  <testcase classname="api.tests.TestsCreateOrder" name="createOrderOrderModuleTest" time="5.129"/>
</testsuite> <!-- api.tests.TestsCreateOrder -->
