<?xml version="1.0" encoding="UTF-8"?>
<!-- Generated by org.testng.reporters.JUnitReportReporter -->
<testsuite hostname="Admins-MacBook-Pro.local" failures="0" tests="5" name="orderCancelCreateOrder.TestsOrderCancelCreateOrder" time="0.708" errors="0" timestamp="2025-01-07T15:21:39 IST" skipped="0">
  <testcase classname="orderCancelCreateOrder.TestsOrderCancelCreateOrder" name="testOrderCancelCreateOrderInventoryDetailsAfterCancelOrder" time="0.142"/>
  <testcase classname="orderCancelCreateOrder.TestsOrderCancelCreateOrder" name="testOrderCancelCreateOrderInventoryDetailsAfterCreateOrder" time="0.141"/>
  <testcase classname="orderCancelCreateOrder.TestsOrderCancelCreateOrder" name="testOrderCancelCreateOrderCancelOrder" time="0.121"/>
  <testcase classname="orderCancelCreateOrder.TestsOrderCancelCreateOrder" name="testOrderCancelCreateOrderCreateOrder" time="0.148"/>
  <testcase classname="orderCancelCreateOrder.TestsOrderCancelCreateOrder" name="testOrderCancelCreateOrderInventoryDetailsBeforeCreateOrder" time="0.156"/>
</testsuite> <!-- orderCancelCreateOrder.TestsOrderCancelCreateOrder -->
