<?xml version="1.0" encoding="UTF-8"?>
<!-- Generated by org.testng.reporters.JUnitReportReporter -->
<testsuite hostname="Admins-MacBook-Pro.local" failures="0" tests="35" name="orderFlowNegative.TestsOrderFlowNegative" time="4.647" errors="0" timestamp="2025-01-07T15:43:28 IST" skipped="0">
  <testcase classname="orderFlowNegative.TestsOrderFlowNegative" name="testOrderFlowNegativeInventorySettlementReturn" time="0.135"/>
  <testcase classname="orderFlowNegative.TestsOrderFlowNegative" name="testOrderFlowNegativeInventoryDetailsAfterInventorySettlementReturn" time="0.134"/>
  <testcase classname="orderFlowNegative.TestsOrderFlowNegative" name="testOrderFlowNegativeInventoryDetailsAfterCompleteQC" time="0.176"/>
  <testcase classname="orderFlowNegative.TestsOrderFlowNegative" name="testOrderFlowNegativeAcceptItemQCReturn" time="0.098"/>
  <testcase classname="orderFlowNegative.TestsOrderFlowNegative" name="testOrderFlowNegativeCompleteQC" time="0.115"/>
  <testcase classname="orderFlowNegative.TestsOrderFlowNegative" name="testOrderFlowNegativeInventoryDetailsAfterInventorySettlement" time="0.136"/>
  <testcase classname="orderFlowNegative.TestsOrderFlowNegative" name="testOrderFlowNegativeInventoryDetailsAfterMarkPacked" time="0.143"/>
  <testcase classname="orderFlowNegative.TestsOrderFlowNegative" name="testOrderFlowNegativeInvoiceNumber" time="0.113"/>
  <testcase classname="orderFlowNegative.TestsOrderFlowNegative" name="testOrderFlowNegativeInventoryDetailsAfterCreateShipment" time="0.157"/>
  <testcase classname="orderFlowNegative.TestsOrderFlowNegative" name="testOrderFlowNegativeMarkPacked" time="0.112"/>
  <testcase classname="orderFlowNegative.TestsOrderFlowNegative" name="testOrderFlowNegativeInventoryDetailsAfterActionCompleteQCReturn" time="0.157"/>
  <testcase classname="orderFlowNegative.TestsOrderFlowNegative" name="testOrderFlowNegativeInventorySettlement" time="0.127"/>
  <testcase classname="orderFlowNegative.TestsOrderFlowNegative" name="testOrderFlowNegativeInventoryDetailsAfterCreateOrder" time="0.167"/>
  <testcase classname="orderFlowNegative.TestsOrderFlowNegative" name="testOrderFlowNegativeInventoryDetailsAfterDeliver" time="0.137"/>
  <testcase classname="orderFlowNegative.TestsOrderFlowNegative" name="testOrderFlowNegativeRejectItemQC" time="0.105"/>
  <testcase classname="orderFlowNegative.TestsOrderFlowNegative" name="testOrderFlowNegativeBatchAssign" time="0.132"/>
  <testcase classname="orderFlowNegative.TestsOrderFlowNegative" name="testOrderFlowNegativeInventoryDetailsAfterMarkShipped" time="0.138"/>
  <testcase classname="orderFlowNegative.TestsOrderFlowNegative" name="testOrderFlowNegativecreateOrder" time="0.148"/>
  <testcase classname="orderFlowNegative.TestsOrderFlowNegative" name="testOrderFlowNegativeInventoryDetailsAfterCompleteQCReturn" time="0.137"/>
  <testcase classname="orderFlowNegative.TestsOrderFlowNegative" name="testOrderFlowNegativeInventoryDetailsAfterActionCompleteQC" time="0.141"/>
  <testcase classname="orderFlowNegative.TestsOrderFlowNegative" name="testOrderFlowNegativeActionCompleteQCReturn" time="0.113"/>
  <testcase classname="orderFlowNegative.TestsOrderFlowNegative" name="testOrderFlowNegativeDeliver" time="0.099"/>
  <testcase classname="orderFlowNegative.TestsOrderFlowNegative" name="testOrderFlowNegativeInventoryDetailsAfterBatchAssign" time="0.154"/>
  <testcase classname="orderFlowNegative.TestsOrderFlowNegative" name="testOrderFlowNegativeCreateShipment" time="0.137"/>
  <testcase classname="orderFlowNegative.TestsOrderFlowNegative" name="testOrderFlowNegativeCompleteQCReturn" time="0.104"/>
  <testcase classname="orderFlowNegative.TestsOrderFlowNegative" name="testOrderFlowNegativeOrderIdReturn" time="0.079"/>
  <testcase classname="orderFlowNegative.TestsOrderFlowNegative" name="testOrderFlowNegativeInventoryDetailsAfterAcceptItemQCReturn" time="0.141"/>
  <testcase classname="orderFlowNegative.TestsOrderFlowNegative" name="testOrderFlowNegativeInventoryDetailsAfterDispatch" time="0.148"/>
  <testcase classname="orderFlowNegative.TestsOrderFlowNegative" name="testOrderFlowNegativeInventoryDetailsAfterRejectItemQC" time="0.145"/>
  <testcase classname="orderFlowNegative.TestsOrderFlowNegative" name="testOrderFlowNegativeDispatch" time="0.133"/>
  <testcase classname="orderFlowNegative.TestsOrderFlowNegative" name="testOrderFlowNegativeInventoryAfterDetailsOrderIdReturn" time="0.134"/>
  <testcase classname="orderFlowNegative.TestsOrderFlowNegative" name="testOrderFlowNegativeActionCompleteQC" time="0.106"/>
  <testcase classname="orderFlowNegative.TestsOrderFlowNegative" name="testOrderFlowNegativeMarkShipped" time="0.098"/>
  <testcase classname="orderFlowNegative.TestsOrderFlowNegative" name="testOrderFlowNegativeInventoryDetailsAfterInvoiceNumber" time="0.173"/>
  <testcase classname="orderFlowNegative.TestsOrderFlowNegative" name="testOrderFlowNegativeInventoryDetailsBeforeCreateOrder" time="0.175"/>
</testsuite> <!-- orderFlowNegative.TestsOrderFlowNegative -->
